{"C:\\Users\\Gabriel PC\\Documents\\FocoTotalTCC\\backend\\src\\controllers\\AuthController.ts": {"path":"C:\\Users\\Gabriel PC\\Documents\\FocoTotalTCC\\backend\\src\\controllers\\AuthController.ts","statementMap":{"0":{"start":{"line":2,"column":0},"end":{"line":2,"column":30}},"1":{"start":{"line":3,"column":0},"end":{"line":3,"column":31}},"2":{"start":{"line":4,"column":0},"end":{"line":4,"column":29}},"3":{"start":{"line":5,"column":0},"end":{"line":5,"column":41}},"4":{"start":{"line":6,"column":0},"end":{"line":6,"column":55}},"5":{"start":{"line":10,"column":4},"end":{"line":54,"column":5}},"6":{"start":{"line":11,"column":31},"end":{"line":11,"column":39}},"7":{"start":{"line":13,"column":6},"end":{"line":16,"column":7}},"8":{"start":{"line":14,"column":8},"end":{"line":14,"column":73}},"9":{"start":{"line":15,"column":8},"end":{"line":15,"column":15}},"10":{"start":{"line":17,"column":6},"end":{"line":20,"column":7}},"11":{"start":{"line":18,"column":8},"end":{"line":18,"column":57}},"12":{"start":{"line":19,"column":8},"end":{"line":19,"column":15}},"13":{"start":{"line":22,"column":21},"end":{"line":24,"column":null}},"14":{"start":{"line":26,"column":23},"end":{"line":26,"column":36}},"15":{"start":{"line":28,"column":6},"end":{"line":31,"column":7}},"16":{"start":{"line":29,"column":8},"end":{"line":29,"column":64}},"17":{"start":{"line":30,"column":8},"end":{"line":30,"column":15}},"18":{"start":{"line":33,"column":22},"end":{"line":33,"column":33}},"19":{"start":{"line":34,"column":26},"end":{"line":34,"column":68}},"20":{"start":{"line":35,"column":6},"end":{"line":38,"column":7}},"21":{"start":{"line":36,"column":8},"end":{"line":36,"column":64}},"22":{"start":{"line":37,"column":8},"end":{"line":37,"column":15}},"23":{"start":{"line":40,"column":20},"end":{"line":43,"column":null}},"24":{"start":{"line":46,"column":6},"end":{"line":46,"column":86}},"25":{"start":{"line":47,"column":6},"end":{"line":50,"column":9}},"26":{"start":{"line":52,"column":6},"end":{"line":52,"column":40}},"27":{"start":{"line":53,"column":6},"end":{"line":53,"column":53}},"28":{"start":{"line":8,"column":0},"end":{"line":8,"column":13}}},"fnMap":{"0":{"name":"(anonymous_1)","decl":{"start":{"line":9,"column":2},"end":{"line":9,"column":8}},"loc":{"start":{"line":9,"column":48},"end":{"line":55,"column":3}}}},"branchMap":{"0":{"loc":{"start":{"line":13,"column":6},"end":{"line":16,"column":7}},"type":"if","locations":[{"start":{"line":13,"column":6},"end":{"line":16,"column":7}}]},"1":{"loc":{"start":{"line":13,"column":10},"end":{"line":13,"column":96}},"type":"binary-expr","locations":[{"start":{"line":13,"column":10},"end":{"line":13,"column":51}},{"start":{"line":13,"column":55},"end":{"line":13,"column":96}}]},"2":{"loc":{"start":{"line":17,"column":6},"end":{"line":20,"column":7}},"type":"if","locations":[{"start":{"line":17,"column":6},"end":{"line":20,"column":7}}]},"3":{"loc":{"start":{"line":28,"column":6},"end":{"line":31,"column":7}},"type":"if","locations":[{"start":{"line":28,"column":6},"end":{"line":31,"column":7}}]},"4":{"loc":{"start":{"line":35,"column":6},"end":{"line":38,"column":7}},"type":"if","locations":[{"start":{"line":35,"column":6},"end":{"line":38,"column":7}}]},"5":{"loc":{"start":{"line":42,"column":8},"end":{"line":42,"column":52}},"type":"binary-expr","locations":[{"start":{"line":42,"column":8},"end":{"line":42,"column":30}},{"start":{"line":42,"column":34},"end":{"line":42,"column":52}}]}},"s":{"0":1,"1":1,"2":1,"3":1,"4":1,"5":0,"6":0,"7":0,"8":0,"9":0,"10":0,"11":0,"12":0,"13":0,"14":0,"15":0,"16":0,"17":0,"18":0,"19":0,"20":0,"21":0,"22":0,"23":0,"24":0,"25":0,"26":0,"27":0,"28":1},"f":{"0":0},"b":{"0":[0],"1":[0,0],"2":[0],"3":[0],"4":[0],"5":[0,0]}}
,"C:\\Users\\Gabriel PC\\Documents\\FocoTotalTCC\\backend\\src\\controllers\\ClientesController.ts": {"path":"C:\\Users\\Gabriel PC\\Documents\\FocoTotalTCC\\backend\\src\\controllers\\ClientesController.ts","statementMap":{"0":{"start":{"line":2,"column":0},"end":{"line":2,"column":29}},"1":{"start":{"line":3,"column":0},"end":{"line":3,"column":41}},"2":{"start":{"line":4,"column":0},"end":{"line":4,"column":55}},"3":{"start":{"line":8,"column":4},"end":{"line":23,"column":5}},"4":{"start":{"line":9,"column":24},"end":{"line":9,"column":33}},"5":{"start":{"line":11,"column":8},"end":{"line":11,"column":99}},"6":{"start":{"line":12,"column":32},"end":{"line":12,"column":34}},"7":{"start":{"line":13,"column":6},"end":{"line":16,"column":7}},"8":{"start":{"line":14,"column":8},"end":{"line":14,"column":68}},"9":{"start":{"line":15,"column":8},"end":{"line":15,"column":62}},"10":{"start":{"line":17,"column":6},"end":{"line":17,"column":36}},"11":{"start":{"line":18,"column":21},"end":{"line":18,"column":50}},"12":{"start":{"line":19,"column":6},"end":{"line":19,"column":21}},"13":{"start":{"line":21,"column":6},"end":{"line":21,"column":50}},"14":{"start":{"line":22,"column":6},"end":{"line":22,"column":64}},"15":{"start":{"line":27,"column":4},"end":{"line":40,"column":5}},"16":{"start":{"line":28,"column":21},"end":{"line":30,"column":null}},"17":{"start":{"line":32,"column":20},"end":{"line":32,"column":33}},"18":{"start":{"line":33,"column":6},"end":{"line":36,"column":7}},"19":{"start":{"line":34,"column":8},"end":{"line":34,"column":65}},"20":{"start":{"line":35,"column":8},"end":{"line":35,"column":15}},"21":{"start":{"line":37,"column":6},"end":{"line":37,"column":25}},"22":{"start":{"line":39,"column":6},"end":{"line":39,"column":63}},"23":{"start":{"line":44,"column":4},"end":{"line":89,"column":5}},"24":{"start":{"line":45,"column":82},"end":{"line":45,"column":90}},"25":{"start":{"line":47,"column":6},"end":{"line":50,"column":7}},"26":{"start":{"line":48,"column":8},"end":{"line":48,"column":75}},"27":{"start":{"line":49,"column":8},"end":{"line":49,"column":15}},"28":{"start":{"line":51,"column":6},"end":{"line":54,"column":7}},"29":{"start":{"line":52,"column":8},"end":{"line":52,"column":55}},"30":{"start":{"line":53,"column":8},"end":{"line":53,"column":15}},"31":{"start":{"line":55,"column":6},"end":{"line":58,"column":7}},"32":{"start":{"line":56,"column":8},"end":{"line":56,"column":56}},"33":{"start":{"line":57,"column":8},"end":{"line":57,"column":15}},"34":{"start":{"line":59,"column":6},"end":{"line":62,"column":7}},"35":{"start":{"line":60,"column":8},"end":{"line":60,"column":57}},"36":{"start":{"line":61,"column":8},"end":{"line":61,"column":15}},"37":{"start":{"line":64,"column":23},"end":{"line":64,"column":58}},"38":{"start":{"line":65,"column":6},"end":{"line":74,"column":7}},"39":{"start":{"line":66,"column":28},"end":{"line":68,"column":null}},"40":{"start":{"line":70,"column":8},"end":{"line":73,"column":9}},"41":{"start":{"line":71,"column":10},"end":{"line":71,"column":62}},"42":{"start":{"line":72,"column":10},"end":{"line":72,"column":17}},"43":{"start":{"line":76,"column":24},"end":{"line":76,"column":61}},"44":{"start":{"line":77,"column":23},"end":{"line":77,"column":58}},"45":{"start":{"line":79,"column":23},"end":{"line":81,"column":null}},"46":{"start":{"line":83,"column":16},"end":{"line":83,"column":29}},"47":{"start":{"line":84,"column":6},"end":{"line":84,"column":69}},"48":{"start":{"line":85,"column":6},"end":{"line":85,"column":87}},"49":{"start":{"line":87,"column":6},"end":{"line":87,"column":48}},"50":{"start":{"line":88,"column":6},"end":{"line":88,"column":62}},"51":{"start":{"line":93,"column":4},"end":{"line":130,"column":5}},"52":{"start":{"line":94,"column":82},"end":{"line":94,"column":90}},"53":{"start":{"line":96,"column":6},"end":{"line":99,"column":7}},"54":{"start":{"line":97,"column":8},"end":{"line":97,"column":61}},"55":{"start":{"line":98,"column":8},"end":{"line":98,"column":15}},"56":{"start":{"line":100,"column":6},"end":{"line":103,"column":7}},"57":{"start":{"line":101,"column":8},"end":{"line":101,"column":55}},"58":{"start":{"line":102,"column":8},"end":{"line":102,"column":15}},"59":{"start":{"line":104,"column":6},"end":{"line":107,"column":7}},"60":{"start":{"line":105,"column":8},"end":{"line":105,"column":56}},"61":{"start":{"line":106,"column":8},"end":{"line":106,"column":15}},"62":{"start":{"line":108,"column":6},"end":{"line":111,"column":7}},"63":{"start":{"line":109,"column":8},"end":{"line":109,"column":57}},"64":{"start":{"line":110,"column":8},"end":{"line":110,"column":15}},"65":{"start":{"line":113,"column":23},"end":{"line":113,"column":58}},"66":{"start":{"line":114,"column":24},"end":{"line":114,"column":61}},"67":{"start":{"line":115,"column":23},"end":{"line":115,"column":58}},"68":{"start":{"line":117,"column":23},"end":{"line":119,"column":null}},"69":{"start":{"line":121,"column":16},"end":{"line":121,"column":29}},"70":{"start":{"line":122,"column":6},"end":{"line":125,"column":7}},"71":{"start":{"line":123,"column":8},"end":{"line":123,"column":65}},"72":{"start":{"line":124,"column":8},"end":{"line":124,"column":15}},"73":{"start":{"line":126,"column":6},"end":{"line":126,"column":70}},"74":{"start":{"line":127,"column":6},"end":{"line":127,"column":63}},"75":{"start":{"line":129,"column":6},"end":{"line":129,"column":66}},"76":{"start":{"line":134,"column":4},"end":{"line":148,"column":5}},"77":{"start":{"line":135,"column":23},"end":{"line":137,"column":null}},"78":{"start":{"line":139,"column":16},"end":{"line":139,"column":29}},"79":{"start":{"line":140,"column":6},"end":{"line":143,"column":7}},"80":{"start":{"line":141,"column":8},"end":{"line":141,"column":65}},"81":{"start":{"line":142,"column":8},"end":{"line":142,"column":15}},"82":{"start":{"line":144,"column":6},"end":{"line":144,"column":70}},"83":{"start":{"line":145,"column":6},"end":{"line":145,"column":61}},"84":{"start":{"line":147,"column":6},"end":{"line":147,"column":64}},"85":{"start":{"line":6,"column":0},"end":{"line":6,"column":13}}},"fnMap":{"0":{"name":"(anonymous_1)","decl":{"start":{"line":7,"column":2},"end":{"line":7,"column":8}},"loc":{"start":{"line":7,"column":49},"end":{"line":24,"column":3}}},"1":{"name":"(anonymous_2)","decl":{"start":{"line":26,"column":2},"end":{"line":26,"column":8}},"loc":{"start":{"line":26,"column":54},"end":{"line":41,"column":3}}},"2":{"name":"(anonymous_3)","decl":{"start":{"line":43,"column":2},"end":{"line":43,"column":8}},"loc":{"start":{"line":43,"column":48},"end":{"line":90,"column":3}}},"3":{"name":"(anonymous_4)","decl":{"start":{"line":92,"column":2},"end":{"line":92,"column":8}},"loc":{"start":{"line":92,"column":52},"end":{"line":131,"column":3}}},"4":{"name":"(anonymous_5)","decl":{"start":{"line":133,"column":2},"end":{"line":133,"column":8}},"loc":{"start":{"line":133,"column":50},"end":{"line":149,"column":3}}}},"branchMap":{"0":{"loc":{"start":{"line":13,"column":6},"end":{"line":16,"column":7}},"type":"if","locations":[{"start":{"line":13,"column":6},"end":{"line":16,"column":7}}]},"1":{"loc":{"start":{"line":33,"column":6},"end":{"line":36,"column":7}},"type":"if","locations":[{"start":{"line":33,"column":6},"end":{"line":36,"column":7}}]},"2":{"loc":{"start":{"line":47,"column":6},"end":{"line":50,"column":7}},"type":"if","locations":[{"start":{"line":47,"column":6},"end":{"line":50,"column":7}}]},"3":{"loc":{"start":{"line":47,"column":10},"end":{"line":47,"column":98}},"type":"binary-expr","locations":[{"start":{"line":47,"column":10},"end":{"line":47,"column":50}},{"start":{"line":47,"column":54},"end":{"line":47,"column":98}}]},"4":{"loc":{"start":{"line":51,"column":6},"end":{"line":54,"column":7}},"type":"if","locations":[{"start":{"line":51,"column":6},"end":{"line":54,"column":7}}]},"5":{"loc":{"start":{"line":51,"column":10},"end":{"line":51,"column":50}},"type":"binary-expr","locations":[{"start":{"line":51,"column":10},"end":{"line":51,"column":13}},{"start":{"line":51,"column":17},"end":{"line":51,"column":50}}]},"6":{"loc":{"start":{"line":55,"column":6},"end":{"line":58,"column":7}},"type":"if","locations":[{"start":{"line":55,"column":6},"end":{"line":58,"column":7}}]},"7":{"loc":{"start":{"line":55,"column":10},"end":{"line":55,"column":53}},"type":"binary-expr","locations":[{"start":{"line":55,"column":10},"end":{"line":55,"column":14}},{"start":{"line":55,"column":18},"end":{"line":55,"column":53}}]},"8":{"loc":{"start":{"line":59,"column":6},"end":{"line":62,"column":7}},"type":"if","locations":[{"start":{"line":59,"column":6},"end":{"line":62,"column":7}}]},"9":{"loc":{"start":{"line":59,"column":10},"end":{"line":59,"column":56}},"type":"binary-expr","locations":[{"start":{"line":59,"column":10},"end":{"line":59,"column":15}},{"start":{"line":59,"column":19},"end":{"line":59,"column":56}}]},"10":{"loc":{"start":{"line":64,"column":23},"end":{"line":64,"column":58}},"type":"cond-expr","locations":[{"start":{"line":64,"column":29},"end":{"line":64,"column":51}},{"start":{"line":64,"column":54},"end":{"line":64,"column":58}}]},"11":{"loc":{"start":{"line":65,"column":6},"end":{"line":74,"column":7}},"type":"if","locations":[{"start":{"line":65,"column":6},"end":{"line":74,"column":7}}]},"12":{"loc":{"start":{"line":70,"column":8},"end":{"line":73,"column":9}},"type":"if","locations":[{"start":{"line":70,"column":8},"end":{"line":73,"column":9}}]},"13":{"loc":{"start":{"line":76,"column":24},"end":{"line":76,"column":61}},"type":"cond-expr","locations":[{"start":{"line":76,"column":31},"end":{"line":76,"column":54}},{"start":{"line":76,"column":57},"end":{"line":76,"column":61}}]},"14":{"loc":{"start":{"line":77,"column":23},"end":{"line":77,"column":58}},"type":"cond-expr","locations":[{"start":{"line":77,"column":29},"end":{"line":77,"column":51}},{"start":{"line":77,"column":54},"end":{"line":77,"column":58}}]},"15":{"loc":{"start":{"line":81,"column":36},"end":{"line":81,"column":49}},"type":"binary-expr","locations":[{"start":{"line":81,"column":36},"end":{"line":81,"column":41}},{"start":{"line":81,"column":45},"end":{"line":81,"column":49}}]},"16":{"loc":{"start":{"line":81,"column":71},"end":{"line":81,"column":87}},"type":"binary-expr","locations":[{"start":{"line":81,"column":71},"end":{"line":81,"column":79}},{"start":{"line":81,"column":83},"end":{"line":81,"column":87}}]},"17":{"loc":{"start":{"line":81,"column":89},"end":{"line":81,"column":103}},"type":"binary-expr","locations":[{"start":{"line":81,"column":89},"end":{"line":81,"column":95}},{"start":{"line":81,"column":99},"end":{"line":81,"column":103}}]},"18":{"loc":{"start":{"line":81,"column":105},"end":{"line":81,"column":119}},"type":"binary-expr","locations":[{"start":{"line":81,"column":105},"end":{"line":81,"column":111}},{"start":{"line":81,"column":115},"end":{"line":81,"column":119}}]},"19":{"loc":{"start":{"line":96,"column":6},"end":{"line":99,"column":7}},"type":"if","locations":[{"start":{"line":96,"column":6},"end":{"line":99,"column":7}}]},"20":{"loc":{"start":{"line":100,"column":6},"end":{"line":103,"column":7}},"type":"if","locations":[{"start":{"line":100,"column":6},"end":{"line":103,"column":7}}]},"21":{"loc":{"start":{"line":100,"column":10},"end":{"line":100,"column":50}},"type":"binary-expr","locations":[{"start":{"line":100,"column":10},"end":{"line":100,"column":13}},{"start":{"line":100,"column":17},"end":{"line":100,"column":50}}]},"22":{"loc":{"start":{"line":104,"column":6},"end":{"line":107,"column":7}},"type":"if","locations":[{"start":{"line":104,"column":6},"end":{"line":107,"column":7}}]},"23":{"loc":{"start":{"line":104,"column":10},"end":{"line":104,"column":53}},"type":"binary-expr","locations":[{"start":{"line":104,"column":10},"end":{"line":104,"column":14}},{"start":{"line":104,"column":18},"end":{"line":104,"column":53}}]},"24":{"loc":{"start":{"line":108,"column":6},"end":{"line":111,"column":7}},"type":"if","locations":[{"start":{"line":108,"column":6},"end":{"line":111,"column":7}}]},"25":{"loc":{"start":{"line":108,"column":10},"end":{"line":108,"column":56}},"type":"binary-expr","locations":[{"start":{"line":108,"column":10},"end":{"line":108,"column":15}},{"start":{"line":108,"column":19},"end":{"line":108,"column":56}}]},"26":{"loc":{"start":{"line":113,"column":23},"end":{"line":113,"column":58}},"type":"cond-expr","locations":[{"start":{"line":113,"column":29},"end":{"line":113,"column":51}},{"start":{"line":113,"column":54},"end":{"line":113,"column":58}}]},"27":{"loc":{"start":{"line":114,"column":24},"end":{"line":114,"column":61}},"type":"cond-expr","locations":[{"start":{"line":114,"column":31},"end":{"line":114,"column":54}},{"start":{"line":114,"column":57},"end":{"line":114,"column":61}}]},"28":{"loc":{"start":{"line":115,"column":23},"end":{"line":115,"column":58}},"type":"cond-expr","locations":[{"start":{"line":115,"column":29},"end":{"line":115,"column":51}},{"start":{"line":115,"column":54},"end":{"line":115,"column":58}}]},"29":{"loc":{"start":{"line":119,"column":36},"end":{"line":119,"column":49}},"type":"binary-expr","locations":[{"start":{"line":119,"column":36},"end":{"line":119,"column":41}},{"start":{"line":119,"column":45},"end":{"line":119,"column":49}}]},"30":{"loc":{"start":{"line":119,"column":71},"end":{"line":119,"column":87}},"type":"binary-expr","locations":[{"start":{"line":119,"column":71},"end":{"line":119,"column":79}},{"start":{"line":119,"column":83},"end":{"line":119,"column":87}}]},"31":{"loc":{"start":{"line":119,"column":89},"end":{"line":119,"column":103}},"type":"binary-expr","locations":[{"start":{"line":119,"column":89},"end":{"line":119,"column":95}},{"start":{"line":119,"column":99},"end":{"line":119,"column":103}}]},"32":{"loc":{"start":{"line":119,"column":105},"end":{"line":119,"column":119}},"type":"binary-expr","locations":[{"start":{"line":119,"column":105},"end":{"line":119,"column":111}},{"start":{"line":119,"column":115},"end":{"line":119,"column":119}}]},"33":{"loc":{"start":{"line":122,"column":6},"end":{"line":125,"column":7}},"type":"if","locations":[{"start":{"line":122,"column":6},"end":{"line":125,"column":7}}]},"34":{"loc":{"start":{"line":140,"column":6},"end":{"line":143,"column":7}},"type":"if","locations":[{"start":{"line":140,"column":6},"end":{"line":143,"column":7}}]}},"s":{"0":1,"1":1,"2":1,"3":0,"4":0,"5":0,"6":0,"7":0,"8":0,"9":0,"10":0,"11":0,"12":0,"13":0,"14":0,"15":0,"16":0,"17":0,"18":0,"19":0,"20":0,"21":0,"22":0,"23":0,"24":0,"25":0,"26":0,"27":0,"28":0,"29":0,"30":0,"31":0,"32":0,"33":0,"34":0,"35":0,"36":0,"37":0,"38":0,"39":0,"40":0,"41":0,"42":0,"43":0,"44":0,"45":0,"46":0,"47":0,"48":0,"49":0,"50":0,"51":0,"52":0,"53":0,"54":0,"55":0,"56":0,"57":0,"58":0,"59":0,"60":0,"61":0,"62":0,"63":0,"64":0,"65":0,"66":0,"67":0,"68":0,"69":0,"70":0,"71":0,"72":0,"73":0,"74":0,"75":0,"76":0,"77":0,"78":0,"79":0,"80":0,"81":0,"82":0,"83":0,"84":0,"85":1},"f":{"0":0,"1":0,"2":0,"3":0,"4":0},"b":{"0":[0],"1":[0],"2":[0],"3":[0,0],"4":[0],"5":[0,0],"6":[0],"7":[0,0],"8":[0],"9":[0,0],"10":[0,0],"11":[0],"12":[0],"13":[0,0],"14":[0,0],"15":[0,0],"16":[0,0],"17":[0,0],"18":[0,0],"19":[0],"20":[0],"21":[0,0],"22":[0],"23":[0,0],"24":[0],"25":[0,0],"26":[0,0],"27":[0,0],"28":[0,0],"29":[0,0],"30":[0,0],"31":[0,0],"32":[0,0],"33":[0],"34":[0]}}
,"C:\\Users\\Gabriel PC\\Documents\\FocoTotalTCC\\backend\\src\\controllers\\EstoqueController.ts": {"path":"C:\\Users\\Gabriel PC\\Documents\\FocoTotalTCC\\backend\\src\\controllers\\EstoqueController.ts","statementMap":{"0":{"start":{"line":2,"column":0},"end":{"line":2,"column":29}},"1":{"start":{"line":3,"column":0},"end":{"line":3,"column":41}},"2":{"start":{"line":8,"column":4},"end":{"line":29,"column":5}},"3":{"start":{"line":9,"column":35},"end":{"line":9,"column":44}},"4":{"start":{"line":10,"column":18},"end":{"line":18,"column":8}},"5":{"start":{"line":19,"column":32},"end":{"line":19,"column":34}},"6":{"start":{"line":20,"column":6},"end":{"line":20,"column":85}},"7":{"start":{"line":20,"column":24},"end":{"line":20,"column":58}},"8":{"start":{"line":20,"column":59},"end":{"line":20,"column":83}},"9":{"start":{"line":21,"column":6},"end":{"line":21,"column":67}},"10":{"start":{"line":21,"column":18},"end":{"line":21,"column":46}},"11":{"start":{"line":21,"column":47},"end":{"line":21,"column":65}},"12":{"start":{"line":22,"column":6},"end":{"line":22,"column":55}},"13":{"start":{"line":24,"column":21},"end":{"line":24,"column":50}},"14":{"start":{"line":25,"column":6},"end":{"line":25,"column":21}},"15":{"start":{"line":27,"column":6},"end":{"line":27,"column":55}},"16":{"start":{"line":28,"column":6},"end":{"line":28,"column":69}},"17":{"start":{"line":33,"column":17},"end":{"line":33,"column":41}},"18":{"start":{"line":34,"column":4},"end":{"line":80,"column":5}},"19":{"start":{"line":35,"column":6},"end":{"line":35,"column":36}},"20":{"start":{"line":36,"column":55},"end":{"line":36,"column":63}},"21":{"start":{"line":38,"column":6},"end":{"line":43,"column":7}},"22":{"start":{"line":39,"column":8},"end":{"line":39,"column":97}},"23":{"start":{"line":40,"column":8},"end":{"line":40,"column":30}},"24":{"start":{"line":41,"column":8},"end":{"line":41,"column":23}},"25":{"start":{"line":42,"column":8},"end":{"line":42,"column":15}},"26":{"start":{"line":44,"column":6},"end":{"line":49,"column":7}},"27":{"start":{"line":45,"column":8},"end":{"line":45,"column":77}},"28":{"start":{"line":46,"column":8},"end":{"line":46,"column":30}},"29":{"start":{"line":47,"column":8},"end":{"line":47,"column":23}},"30":{"start":{"line":48,"column":8},"end":{"line":48,"column":15}},"31":{"start":{"line":51,"column":22},"end":{"line":53,"column":null}},"32":{"start":{"line":55,"column":23},"end":{"line":55,"column":41}},"33":{"start":{"line":56,"column":6},"end":{"line":56,"column":62}},"34":{"start":{"line":56,"column":20},"end":{"line":56,"column":62}},"35":{"start":{"line":57,"column":6},"end":{"line":59,"column":7}},"36":{"start":{"line":58,"column":8},"end":{"line":58,"column":62}},"37":{"start":{"line":61,"column":23},"end":{"line":61,"column":53}},"38":{"start":{"line":62,"column":6},"end":{"line":65,"column":8}},"39":{"start":{"line":66,"column":23},"end":{"line":68,"column":null}},"40":{"start":{"line":71,"column":6},"end":{"line":71,"column":26}},"41":{"start":{"line":72,"column":6},"end":{"line":72,"column":90}},"42":{"start":{"line":73,"column":6},"end":{"line":73,"column":110}},"43":{"start":{"line":75,"column":6},"end":{"line":75,"column":28}},"44":{"start":{"line":76,"column":6},"end":{"line":76,"column":56}},"45":{"start":{"line":77,"column":6},"end":{"line":77,"column":87}},"46":{"start":{"line":79,"column":6},"end":{"line":79,"column":21}},"47":{"start":{"line":6,"column":0},"end":{"line":6,"column":13}}},"fnMap":{"0":{"name":"(anonymous_1)","decl":{"start":{"line":7,"column":2},"end":{"line":7,"column":8}},"loc":{"start":{"line":7,"column":62},"end":{"line":30,"column":3}}},"1":{"name":"(anonymous_2)","decl":{"start":{"line":32,"column":2},"end":{"line":32,"column":8}},"loc":{"start":{"line":32,"column":68},"end":{"line":81,"column":3}}}},"branchMap":{"0":{"loc":{"start":{"line":20,"column":6},"end":{"line":20,"column":85}},"type":"if","locations":[{"start":{"line":20,"column":6},"end":{"line":20,"column":85}}]},"1":{"loc":{"start":{"line":21,"column":6},"end":{"line":21,"column":67}},"type":"if","locations":[{"start":{"line":21,"column":6},"end":{"line":21,"column":67}}]},"2":{"loc":{"start":{"line":38,"column":6},"end":{"line":43,"column":7}},"type":"if","locations":[{"start":{"line":38,"column":6},"end":{"line":43,"column":7}}]},"3":{"loc":{"start":{"line":38,"column":10},"end":{"line":38,"column":56}},"type":"binary-expr","locations":[{"start":{"line":38,"column":10},"end":{"line":38,"column":21}},{"start":{"line":38,"column":25},"end":{"line":38,"column":30}},{"start":{"line":38,"column":34},"end":{"line":38,"column":45}},{"start":{"line":38,"column":49},"end":{"line":38,"column":56}}]},"4":{"loc":{"start":{"line":44,"column":6},"end":{"line":49,"column":7}},"type":"if","locations":[{"start":{"line":44,"column":6},"end":{"line":49,"column":7}}]},"5":{"loc":{"start":{"line":56,"column":6},"end":{"line":56,"column":62}},"type":"if","locations":[{"start":{"line":56,"column":6},"end":{"line":56,"column":62}}]},"6":{"loc":{"start":{"line":57,"column":6},"end":{"line":59,"column":7}},"type":"if","locations":[{"start":{"line":57,"column":6},"end":{"line":59,"column":7}}]},"7":{"loc":{"start":{"line":57,"column":10},"end":{"line":57,"column":77}},"type":"binary-expr","locations":[{"start":{"line":57,"column":10},"end":{"line":57,"column":26}},{"start":{"line":57,"column":30},"end":{"line":57,"column":77}}]},"8":{"loc":{"start":{"line":61,"column":23},"end":{"line":61,"column":53}},"type":"cond-expr","locations":[{"start":{"line":61,"column":44},"end":{"line":61,"column":47}},{"start":{"line":61,"column":50},"end":{"line":61,"column":53}}]},"9":{"loc":{"start":{"line":77,"column":35},"end":{"line":77,"column":83}},"type":"binary-expr","locations":[{"start":{"line":77,"column":35},"end":{"line":77,"column":47}},{"start":{"line":77,"column":51},"end":{"line":77,"column":83}}]}},"s":{"0":1,"1":1,"2":0,"3":0,"4":0,"5":0,"6":0,"7":0,"8":0,"9":0,"10":0,"11":0,"12":0,"13":0,"14":0,"15":0,"16":0,"17":0,"18":0,"19":0,"20":0,"21":0,"22":0,"23":0,"24":0,"25":0,"26":0,"27":0,"28":0,"29":0,"30":0,"31":0,"32":0,"33":0,"34":0,"35":0,"36":0,"37":0,"38":0,"39":0,"40":0,"41":0,"42":0,"43":0,"44":0,"45":0,"46":0,"47":1},"f":{"0":0,"1":0},"b":{"0":[0],"1":[0],"2":[0],"3":[0,0,0,0],"4":[0],"5":[0],"6":[0],"7":[0,0],"8":[0,0],"9":[0,0]}}
,"C:\\Users\\Gabriel PC\\Documents\\FocoTotalTCC\\backend\\src\\controllers\\ProdutosController.ts": {"path":"C:\\Users\\Gabriel PC\\Documents\\FocoTotalTCC\\backend\\src\\controllers\\ProdutosController.ts","statementMap":{"0":{"start":{"line":2,"column":0},"end":{"line":2,"column":29}},"1":{"start":{"line":3,"column":0},"end":{"line":3,"column":41}},"2":{"start":{"line":4,"column":0},"end":{"line":4,"column":55}},"3":{"start":{"line":8,"column":4},"end":{"line":28,"column":5}},"4":{"start":{"line":9,"column":35},"end":{"line":9,"column":44}},"5":{"start":{"line":10,"column":18},"end":{"line":10,"column":58}},"6":{"start":{"line":11,"column":32},"end":{"line":11,"column":34}},"7":{"start":{"line":13,"column":6},"end":{"line":16,"column":7}},"8":{"start":{"line":14,"column":8},"end":{"line":14,"column":55}},"9":{"start":{"line":15,"column":8},"end":{"line":15,"column":48}},"10":{"start":{"line":17,"column":6},"end":{"line":20,"column":7}},"11":{"start":{"line":18,"column":8},"end":{"line":18,"column":38}},"12":{"start":{"line":19,"column":8},"end":{"line":19,"column":31}},"13":{"start":{"line":21,"column":6},"end":{"line":21,"column":36}},"14":{"start":{"line":23,"column":21},"end":{"line":23,"column":50}},"15":{"start":{"line":24,"column":6},"end":{"line":24,"column":21}},"16":{"start":{"line":26,"column":6},"end":{"line":26,"column":50}},"17":{"start":{"line":27,"column":6},"end":{"line":27,"column":64}},"18":{"start":{"line":32,"column":4},"end":{"line":45,"column":5}},"19":{"start":{"line":33,"column":21},"end":{"line":35,"column":null}},"20":{"start":{"line":37,"column":23},"end":{"line":37,"column":36}},"21":{"start":{"line":38,"column":6},"end":{"line":41,"column":7}},"22":{"start":{"line":39,"column":8},"end":{"line":39,"column":65}},"23":{"start":{"line":40,"column":8},"end":{"line":40,"column":15}},"24":{"start":{"line":42,"column":6},"end":{"line":42,"column":28}},"25":{"start":{"line":44,"column":6},"end":{"line":44,"column":63}},"26":{"start":{"line":49,"column":4},"end":{"line":81,"column":5}},"27":{"start":{"line":50,"column":115},"end":{"line":50,"column":123}},"28":{"start":{"line":52,"column":6},"end":{"line":59,"column":7}},"29":{"start":{"line":57,"column":8},"end":{"line":57,"column":84}},"30":{"start":{"line":58,"column":8},"end":{"line":58,"column":15}},"31":{"start":{"line":60,"column":6},"end":{"line":63,"column":7}},"32":{"start":{"line":61,"column":8},"end":{"line":61,"column":76}},"33":{"start":{"line":62,"column":8},"end":{"line":62,"column":15}},"34":{"start":{"line":65,"column":26},"end":{"line":65,"column":94}},"35":{"start":{"line":66,"column":6},"end":{"line":69,"column":7}},"36":{"start":{"line":67,"column":8},"end":{"line":67,"column":74}},"37":{"start":{"line":68,"column":8},"end":{"line":68,"column":15}},"38":{"start":{"line":71,"column":23},"end":{"line":73,"column":null}},"39":{"start":{"line":75,"column":16},"end":{"line":75,"column":29}},"40":{"start":{"line":76,"column":6},"end":{"line":76,"column":71}},"41":{"start":{"line":77,"column":6},"end":{"line":77,"column":87}},"42":{"start":{"line":79,"column":6},"end":{"line":79,"column":48}},"43":{"start":{"line":80,"column":6},"end":{"line":80,"column":62}},"44":{"start":{"line":85,"column":4},"end":{"line":106,"column":5}},"45":{"start":{"line":86,"column":87},"end":{"line":86,"column":95}},"46":{"start":{"line":88,"column":6},"end":{"line":91,"column":7}},"47":{"start":{"line":89,"column":8},"end":{"line":89,"column":76}},"48":{"start":{"line":90,"column":8},"end":{"line":90,"column":15}},"49":{"start":{"line":93,"column":23},"end":{"line":95,"column":null}},"50":{"start":{"line":97,"column":16},"end":{"line":97,"column":29}},"51":{"start":{"line":98,"column":6},"end":{"line":101,"column":7}},"52":{"start":{"line":99,"column":8},"end":{"line":99,"column":65}},"53":{"start":{"line":100,"column":8},"end":{"line":100,"column":15}},"54":{"start":{"line":102,"column":6},"end":{"line":102,"column":70}},"55":{"start":{"line":103,"column":6},"end":{"line":103,"column":63}},"56":{"start":{"line":105,"column":6},"end":{"line":105,"column":66}},"57":{"start":{"line":110,"column":4},"end":{"line":124,"column":5}},"58":{"start":{"line":111,"column":23},"end":{"line":113,"column":null}},"59":{"start":{"line":115,"column":16},"end":{"line":115,"column":29}},"60":{"start":{"line":116,"column":6},"end":{"line":119,"column":7}},"61":{"start":{"line":117,"column":8},"end":{"line":117,"column":65}},"62":{"start":{"line":118,"column":8},"end":{"line":118,"column":15}},"63":{"start":{"line":120,"column":6},"end":{"line":120,"column":70}},"64":{"start":{"line":121,"column":6},"end":{"line":121,"column":61}},"65":{"start":{"line":123,"column":6},"end":{"line":123,"column":64}},"66":{"start":{"line":128,"column":4},"end":{"line":137,"column":5}},"67":{"start":{"line":129,"column":21},"end":{"line":132,"column":null}},"68":{"start":{"line":134,"column":6},"end":{"line":134,"column":21}},"69":{"start":{"line":136,"column":6},"end":{"line":136,"column":66}},"70":{"start":{"line":6,"column":0},"end":{"line":6,"column":13}}},"fnMap":{"0":{"name":"(anonymous_1)","decl":{"start":{"line":7,"column":2},"end":{"line":7,"column":8}},"loc":{"start":{"line":7,"column":49},"end":{"line":29,"column":3}}},"1":{"name":"(anonymous_2)","decl":{"start":{"line":31,"column":2},"end":{"line":31,"column":8}},"loc":{"start":{"line":31,"column":54},"end":{"line":46,"column":3}}},"2":{"name":"(anonymous_3)","decl":{"start":{"line":48,"column":2},"end":{"line":48,"column":8}},"loc":{"start":{"line":48,"column":48},"end":{"line":82,"column":3}}},"3":{"name":"(anonymous_4)","decl":{"start":{"line":84,"column":2},"end":{"line":84,"column":8}},"loc":{"start":{"line":84,"column":52},"end":{"line":107,"column":3}}},"4":{"name":"(anonymous_5)","decl":{"start":{"line":109,"column":2},"end":{"line":109,"column":8}},"loc":{"start":{"line":109,"column":50},"end":{"line":125,"column":3}}},"5":{"name":"(anonymous_6)","decl":{"start":{"line":127,"column":2},"end":{"line":127,"column":8}},"loc":{"start":{"line":127,"column":57},"end":{"line":138,"column":3}}}},"branchMap":{"0":{"loc":{"start":{"line":13,"column":6},"end":{"line":16,"column":7}},"type":"if","locations":[{"start":{"line":13,"column":6},"end":{"line":16,"column":7}}]},"1":{"loc":{"start":{"line":17,"column":6},"end":{"line":20,"column":7}},"type":"if","locations":[{"start":{"line":17,"column":6},"end":{"line":20,"column":7}}]},"2":{"loc":{"start":{"line":38,"column":6},"end":{"line":41,"column":7}},"type":"if","locations":[{"start":{"line":38,"column":6},"end":{"line":41,"column":7}}]},"3":{"loc":{"start":{"line":52,"column":6},"end":{"line":59,"column":7}},"type":"if","locations":[{"start":{"line":52,"column":6},"end":{"line":59,"column":7}}]},"4":{"loc":{"start":{"line":53,"column":8},"end":{"line":55,"column":53}},"type":"binary-expr","locations":[{"start":{"line":53,"column":8},"end":{"line":53,"column":50}},{"start":{"line":54,"column":8},"end":{"line":54,"column":48}},{"start":{"line":55,"column":8},"end":{"line":55,"column":53}}]},"5":{"loc":{"start":{"line":60,"column":6},"end":{"line":63,"column":7}},"type":"if","locations":[{"start":{"line":60,"column":6},"end":{"line":63,"column":7}}]},"6":{"loc":{"start":{"line":60,"column":10},"end":{"line":60,"column":61}},"type":"binary-expr","locations":[{"start":{"line":60,"column":10},"end":{"line":60,"column":34}},{"start":{"line":60,"column":38},"end":{"line":60,"column":61}}]},"7":{"loc":{"start":{"line":66,"column":6},"end":{"line":69,"column":7}},"type":"if","locations":[{"start":{"line":66,"column":6},"end":{"line":69,"column":7}}]},"8":{"loc":{"start":{"line":73,"column":23},"end":{"line":73,"column":40}},"type":"binary-expr","locations":[{"start":{"line":73,"column":23},"end":{"line":73,"column":32}},{"start":{"line":73,"column":36},"end":{"line":73,"column":40}}]},"9":{"loc":{"start":{"line":73,"column":79},"end":{"line":73,"column":102}},"type":"binary-expr","locations":[{"start":{"line":73,"column":79},"end":{"line":73,"column":97}},{"start":{"line":73,"column":101},"end":{"line":73,"column":102}}]},"10":{"loc":{"start":{"line":73,"column":104},"end":{"line":73,"column":123}},"type":"binary-expr","locations":[{"start":{"line":73,"column":104},"end":{"line":73,"column":118}},{"start":{"line":73,"column":122},"end":{"line":73,"column":123}}]},"11":{"loc":{"start":{"line":88,"column":6},"end":{"line":91,"column":7}},"type":"if","locations":[{"start":{"line":88,"column":6},"end":{"line":91,"column":7}}]},"12":{"loc":{"start":{"line":88,"column":10},"end":{"line":88,"column":99}},"type":"binary-expr","locations":[{"start":{"line":88,"column":10},"end":{"line":88,"column":50}},{"start":{"line":88,"column":54},"end":{"line":88,"column":99}}]},"13":{"loc":{"start":{"line":95,"column":15},"end":{"line":95,"column":32}},"type":"binary-expr","locations":[{"start":{"line":95,"column":15},"end":{"line":95,"column":24}},{"start":{"line":95,"column":28},"end":{"line":95,"column":32}}]},"14":{"loc":{"start":{"line":98,"column":6},"end":{"line":101,"column":7}},"type":"if","locations":[{"start":{"line":98,"column":6},"end":{"line":101,"column":7}}]},"15":{"loc":{"start":{"line":116,"column":6},"end":{"line":119,"column":7}},"type":"if","locations":[{"start":{"line":116,"column":6},"end":{"line":119,"column":7}}]}},"s":{"0":1,"1":1,"2":1,"3":0,"4":0,"5":0,"6":0,"7":0,"8":0,"9":0,"10":0,"11":0,"12":0,"13":0,"14":0,"15":0,"16":0,"17":0,"18":0,"19":0,"20":0,"21":0,"22":0,"23":0,"24":0,"25":0,"26":0,"27":0,"28":0,"29":0,"30":0,"31":0,"32":0,"33":0,"34":0,"35":0,"36":0,"37":0,"38":0,"39":0,"40":0,"41":0,"42":0,"43":0,"44":0,"45":0,"46":0,"47":0,"48":0,"49":0,"50":0,"51":0,"52":0,"53":0,"54":0,"55":0,"56":0,"57":0,"58":0,"59":0,"60":0,"61":0,"62":0,"63":0,"64":0,"65":0,"66":0,"67":0,"68":0,"69":0,"70":1},"f":{"0":0,"1":0,"2":0,"3":0,"4":0,"5":0},"b":{"0":[0],"1":[0],"2":[0],"3":[0],"4":[0,0,0],"5":[0],"6":[0,0],"7":[0],"8":[0,0],"9":[0,0],"10":[0,0],"11":[0],"12":[0,0],"13":[0,0],"14":[0],"15":[0]}}
,"C:\\Users\\Gabriel PC\\Documents\\FocoTotalTCC\\backend\\src\\controllers\\RelatoriosController.ts": {"path":"C:\\Users\\Gabriel PC\\Documents\\FocoTotalTCC\\backend\\src\\controllers\\RelatoriosController.ts","statementMap":{"0":{"start":{"line":2,"column":0},"end":{"line":2,"column":29}},"1":{"start":{"line":3,"column":0},"end":{"line":3,"column":41}},"2":{"start":{"line":7,"column":4},"end":{"line":40,"column":5}},"3":{"start":{"line":8,"column":19},"end":{"line":8,"column":57}},"4":{"start":{"line":10,"column":27},"end":{"line":13,"column":null}},"5":{"start":{"line":15,"column":30},"end":{"line":16,"column":null}},"6":{"start":{"line":18,"column":30},"end":{"line":19,"column":null}},"7":{"start":{"line":21,"column":29},"end":{"line":22,"column":null}},"8":{"start":{"line":24,"column":30},"end":{"line":27,"column":null}},"9":{"start":{"line":30,"column":6},"end":{"line":36,"column":9}},"10":{"start":{"line":38,"column":6},"end":{"line":38,"column":44}},"11":{"start":{"line":39,"column":6},"end":{"line":39,"column":64}},"12":{"start":{"line":44,"column":4},"end":{"line":69,"column":5}},"13":{"start":{"line":45,"column":30},"end":{"line":45,"column":39}},"14":{"start":{"line":46,"column":19},"end":{"line":46,"column":49}},"15":{"start":{"line":47,"column":32},"end":{"line":47,"column":34}},"16":{"start":{"line":48,"column":6},"end":{"line":51,"column":7}},"17":{"start":{"line":49,"column":8},"end":{"line":49,"column":53}},"18":{"start":{"line":50,"column":8},"end":{"line":50,"column":33}},"19":{"start":{"line":53,"column":21},"end":{"line":64,"column":null}},"20":{"start":{"line":66,"column":6},"end":{"line":66,"column":21}},"21":{"start":{"line":68,"column":6},"end":{"line":68,"column":64}},"22":{"start":{"line":73,"column":4},"end":{"line":93,"column":5}},"23":{"start":{"line":74,"column":36},"end":{"line":74,"column":45}},"24":{"start":{"line":75,"column":18},"end":{"line":83,"column":8}},"25":{"start":{"line":84,"column":32},"end":{"line":84,"column":34}},"26":{"start":{"line":85,"column":6},"end":{"line":85,"column":100}},"27":{"start":{"line":85,"column":27},"end":{"line":85,"column":72}},"28":{"start":{"line":85,"column":73},"end":{"line":85,"column":98}},"29":{"start":{"line":86,"column":6},"end":{"line":86,"column":67}},"30":{"start":{"line":86,"column":18},"end":{"line":86,"column":46}},"31":{"start":{"line":86,"column":47},"end":{"line":86,"column":65}},"32":{"start":{"line":87,"column":6},"end":{"line":87,"column":55}},"33":{"start":{"line":89,"column":21},"end":{"line":89,"column":50}},"34":{"start":{"line":90,"column":6},"end":{"line":90,"column":21}},"35":{"start":{"line":92,"column":6},"end":{"line":92,"column":64}},"36":{"start":{"line":97,"column":4},"end":{"line":111,"column":5}},"37":{"start":{"line":98,"column":21},"end":{"line":107,"column":8}},"38":{"start":{"line":108,"column":6},"end":{"line":108,"column":21}},"39":{"start":{"line":110,"column":6},"end":{"line":110,"column":64}},"40":{"start":{"line":5,"column":0},"end":{"line":5,"column":13}}},"fnMap":{"0":{"name":"(anonymous_1)","decl":{"start":{"line":6,"column":2},"end":{"line":6,"column":8}},"loc":{"start":{"line":6,"column":58},"end":{"line":41,"column":3}}},"1":{"name":"(anonymous_2)","decl":{"start":{"line":43,"column":2},"end":{"line":43,"column":8}},"loc":{"start":{"line":43,"column":63},"end":{"line":70,"column":3}}},"2":{"name":"(anonymous_3)","decl":{"start":{"line":72,"column":2},"end":{"line":72,"column":8}},"loc":{"start":{"line":72,"column":63},"end":{"line":94,"column":3}}},"3":{"name":"(anonymous_4)","decl":{"start":{"line":96,"column":2},"end":{"line":96,"column":8}},"loc":{"start":{"line":96,"column":54},"end":{"line":112,"column":3}}}},"branchMap":{"0":{"loc":{"start":{"line":48,"column":6},"end":{"line":51,"column":7}},"type":"if","locations":[{"start":{"line":48,"column":6},"end":{"line":51,"column":7}}]},"1":{"loc":{"start":{"line":48,"column":10},"end":{"line":48,"column":23}},"type":"binary-expr","locations":[{"start":{"line":48,"column":10},"end":{"line":48,"column":16}},{"start":{"line":48,"column":20},"end":{"line":48,"column":23}}]},"2":{"loc":{"start":{"line":85,"column":6},"end":{"line":85,"column":100}},"type":"if","locations":[{"start":{"line":85,"column":6},"end":{"line":85,"column":100}}]},"3":{"loc":{"start":{"line":85,"column":10},"end":{"line":85,"column":23}},"type":"binary-expr","locations":[{"start":{"line":85,"column":10},"end":{"line":85,"column":16}},{"start":{"line":85,"column":20},"end":{"line":85,"column":23}}]},"4":{"loc":{"start":{"line":86,"column":6},"end":{"line":86,"column":67}},"type":"if","locations":[{"start":{"line":86,"column":6},"end":{"line":86,"column":67}}]}},"s":{"0":1,"1":1,"2":0,"3":0,"4":0,"5":0,"6":0,"7":0,"8":0,"9":0,"10":0,"11":0,"12":0,"13":0,"14":0,"15":0,"16":0,"17":0,"18":0,"19":0,"20":0,"21":0,"22":0,"23":0,"24":0,"25":0,"26":0,"27":0,"28":0,"29":0,"30":0,"31":0,"32":0,"33":0,"34":0,"35":0,"36":0,"37":0,"38":0,"39":0,"40":1},"f":{"0":0,"1":0,"2":0,"3":0},"b":{"0":[0],"1":[0,0],"2":[0],"3":[0,0],"4":[0]}}
,"C:\\Users\\Gabriel PC\\Documents\\FocoTotalTCC\\backend\\src\\controllers\\UsuariosController.ts": {"path":"C:\\Users\\Gabriel PC\\Documents\\FocoTotalTCC\\backend\\src\\controllers\\UsuariosController.ts","statementMap":{"0":{"start":{"line":2,"column":0},"end":{"line":2,"column":30}},"1":{"start":{"line":3,"column":0},"end":{"line":3,"column":29}},"2":{"start":{"line":4,"column":0},"end":{"line":4,"column":41}},"3":{"start":{"line":5,"column":0},"end":{"line":5,"column":55}},"4":{"start":{"line":9,"column":4},"end":{"line":16,"column":5}},"5":{"start":{"line":10,"column":21},"end":{"line":11,"column":null}},"6":{"start":{"line":13,"column":6},"end":{"line":13,"column":21}},"7":{"start":{"line":15,"column":6},"end":{"line":15,"column":64}},"8":{"start":{"line":20,"column":4},"end":{"line":64,"column":5}},"9":{"start":{"line":21,"column":44},"end":{"line":21,"column":52}},"10":{"start":{"line":23,"column":6},"end":{"line":31,"column":7}},"11":{"start":{"line":29,"column":8},"end":{"line":29,"column":75}},"12":{"start":{"line":30,"column":8},"end":{"line":30,"column":15}},"13":{"start":{"line":32,"column":6},"end":{"line":35,"column":7}},"14":{"start":{"line":33,"column":8},"end":{"line":33,"column":57}},"15":{"start":{"line":34,"column":8},"end":{"line":34,"column":15}},"16":{"start":{"line":36,"column":6},"end":{"line":39,"column":7}},"17":{"start":{"line":37,"column":8},"end":{"line":37,"column":57}},"18":{"start":{"line":38,"column":8},"end":{"line":38,"column":15}},"19":{"start":{"line":40,"column":6},"end":{"line":43,"column":7}},"20":{"start":{"line":41,"column":8},"end":{"line":41,"column":81}},"21":{"start":{"line":42,"column":8},"end":{"line":42,"column":15}},"22":{"start":{"line":45,"column":26},"end":{"line":47,"column":null}},"23":{"start":{"line":49,"column":6},"end":{"line":52,"column":7}},"24":{"start":{"line":50,"column":8},"end":{"line":50,"column":62}},"25":{"start":{"line":51,"column":8},"end":{"line":51,"column":15}},"26":{"start":{"line":54,"column":24},"end":{"line":54,"column":52}},"27":{"start":{"line":55,"column":23},"end":{"line":57,"column":null}},"28":{"start":{"line":59,"column":6},"end":{"line":59,"column":84}},"29":{"start":{"line":60,"column":6},"end":{"line":60,"column":101}},"30":{"start":{"line":62,"column":6},"end":{"line":62,"column":48}},"31":{"start":{"line":63,"column":6},"end":{"line":63,"column":62}},"32":{"start":{"line":68,"column":4},"end":{"line":87,"column":5}},"33":{"start":{"line":69,"column":37},"end":{"line":69,"column":45}},"34":{"start":{"line":70,"column":6},"end":{"line":73,"column":7}},"35":{"start":{"line":71,"column":8},"end":{"line":71,"column":61}},"36":{"start":{"line":72,"column":8},"end":{"line":72,"column":15}},"37":{"start":{"line":74,"column":23},"end":{"line":76,"column":null}},"38":{"start":{"line":78,"column":16},"end":{"line":78,"column":29}},"39":{"start":{"line":79,"column":6},"end":{"line":82,"column":7}},"40":{"start":{"line":80,"column":8},"end":{"line":80,"column":65}},"41":{"start":{"line":81,"column":8},"end":{"line":81,"column":15}},"42":{"start":{"line":83,"column":6},"end":{"line":83,"column":70}},"43":{"start":{"line":84,"column":6},"end":{"line":84,"column":63}},"44":{"start":{"line":86,"column":6},"end":{"line":86,"column":66}},"45":{"start":{"line":91,"column":4},"end":{"line":116,"column":5}},"46":{"start":{"line":92,"column":42},"end":{"line":92,"column":50}},"47":{"start":{"line":93,"column":6},"end":{"line":96,"column":7}},"48":{"start":{"line":94,"column":8},"end":{"line":94,"column":86}},"49":{"start":{"line":95,"column":8},"end":{"line":95,"column":15}},"50":{"start":{"line":97,"column":21},"end":{"line":99,"column":null}},"51":{"start":{"line":101,"column":23},"end":{"line":101,"column":40}},"52":{"start":{"line":102,"column":6},"end":{"line":105,"column":7}},"53":{"start":{"line":103,"column":8},"end":{"line":103,"column":65}},"54":{"start":{"line":104,"column":8},"end":{"line":104,"column":15}},"55":{"start":{"line":106,"column":22},"end":{"line":106,"column":70}},"56":{"start":{"line":107,"column":6},"end":{"line":110,"column":7}},"57":{"start":{"line":108,"column":8},"end":{"line":108,"column":64}},"58":{"start":{"line":109,"column":8},"end":{"line":109,"column":15}},"59":{"start":{"line":111,"column":19},"end":{"line":111,"column":52}},"60":{"start":{"line":112,"column":6},"end":{"line":112,"column":90}},"61":{"start":{"line":113,"column":6},"end":{"line":113,"column":59}},"62":{"start":{"line":115,"column":6},"end":{"line":115,"column":62}},"63":{"start":{"line":7,"column":0},"end":{"line":7,"column":13}}},"fnMap":{"0":{"name":"(anonymous_1)","decl":{"start":{"line":8,"column":2},"end":{"line":8,"column":8}},"loc":{"start":{"line":8,"column":49},"end":{"line":17,"column":3}}},"1":{"name":"(anonymous_2)","decl":{"start":{"line":19,"column":2},"end":{"line":19,"column":8}},"loc":{"start":{"line":19,"column":48},"end":{"line":65,"column":3}}},"2":{"name":"(anonymous_3)","decl":{"start":{"line":67,"column":2},"end":{"line":67,"column":8}},"loc":{"start":{"line":67,"column":52},"end":{"line":88,"column":3}}},"3":{"name":"(anonymous_4)","decl":{"start":{"line":90,"column":2},"end":{"line":90,"column":8}},"loc":{"start":{"line":90,"column":55},"end":{"line":117,"column":3}}}},"branchMap":{"0":{"loc":{"start":{"line":23,"column":6},"end":{"line":31,"column":7}},"type":"if","locations":[{"start":{"line":23,"column":6},"end":{"line":31,"column":7}}]},"1":{"loc":{"start":{"line":24,"column":8},"end":{"line":27,"column":49}},"type":"binary-expr","locations":[{"start":{"line":24,"column":8},"end":{"line":24,"column":48}},{"start":{"line":25,"column":8},"end":{"line":25,"column":49}},{"start":{"line":26,"column":8},"end":{"line":26,"column":49}},{"start":{"line":27,"column":8},"end":{"line":27,"column":49}}]},"2":{"loc":{"start":{"line":32,"column":6},"end":{"line":35,"column":7}},"type":"if","locations":[{"start":{"line":32,"column":6},"end":{"line":35,"column":7}}]},"3":{"loc":{"start":{"line":36,"column":6},"end":{"line":39,"column":7}},"type":"if","locations":[{"start":{"line":36,"column":6},"end":{"line":39,"column":7}}]},"4":{"loc":{"start":{"line":40,"column":6},"end":{"line":43,"column":7}},"type":"if","locations":[{"start":{"line":40,"column":6},"end":{"line":43,"column":7}}]},"5":{"loc":{"start":{"line":49,"column":6},"end":{"line":52,"column":7}},"type":"if","locations":[{"start":{"line":49,"column":6},"end":{"line":52,"column":7}}]},"6":{"loc":{"start":{"line":70,"column":6},"end":{"line":73,"column":7}},"type":"if","locations":[{"start":{"line":70,"column":6},"end":{"line":73,"column":7}}]},"7":{"loc":{"start":{"line":76,"column":22},"end":{"line":76,"column":35}},"type":"cond-expr","locations":[{"start":{"line":76,"column":30},"end":{"line":76,"column":31}},{"start":{"line":76,"column":34},"end":{"line":76,"column":35}}]},"8":{"loc":{"start":{"line":79,"column":6},"end":{"line":82,"column":7}},"type":"if","locations":[{"start":{"line":79,"column":6},"end":{"line":82,"column":7}}]},"9":{"loc":{"start":{"line":93,"column":6},"end":{"line":96,"column":7}},"type":"if","locations":[{"start":{"line":93,"column":6},"end":{"line":96,"column":7}}]},"10":{"loc":{"start":{"line":93,"column":10},"end":{"line":93,"column":70}},"type":"binary-expr","locations":[{"start":{"line":93,"column":10},"end":{"line":93,"column":22}},{"start":{"line":93,"column":26},"end":{"line":93,"column":37}},{"start":{"line":93,"column":41},"end":{"line":93,"column":70}}]},"11":{"loc":{"start":{"line":102,"column":6},"end":{"line":105,"column":7}},"type":"if","locations":[{"start":{"line":102,"column":6},"end":{"line":105,"column":7}}]},"12":{"loc":{"start":{"line":107,"column":6},"end":{"line":110,"column":7}},"type":"if","locations":[{"start":{"line":107,"column":6},"end":{"line":110,"column":7}}]}},"s":{"0":1,"1":1,"2":1,"3":1,"4":0,"5":0,"6":0,"7":0,"8":0,"9":0,"10":0,"11":0,"12":0,"13":0,"14":0,"15":0,"16":0,"17":0,"18":0,"19":0,"20":0,"21":0,"22":0,"23":0,"24":0,"25":0,"26":0,"27":0,"28":0,"29":0,"30":0,"31":0,"32":0,"33":0,"34":0,"35":0,"36":0,"37":0,"38":0,"39":0,"40":0,"41":0,"42":0,"43":0,"44":0,"45":0,"46":0,"47":0,"48":0,"49":0,"50":0,"51":0,"52":0,"53":0,"54":0,"55":0,"56":0,"57":0,"58":0,"59":0,"60":0,"61":0,"62":0,"63":1},"f":{"0":0,"1":0,"2":0,"3":0},"b":{"0":[0],"1":[0,0,0,0],"2":[0],"3":[0],"4":[0],"5":[0],"6":[0],"7":[0,0],"8":[0],"9":[0],"10":[0,0,0],"11":[0],"12":[0]}}
,"C:\\Users\\Gabriel PC\\Documents\\FocoTotalTCC\\backend\\src\\controllers\\VendasController.ts": {"path":"C:\\Users\\Gabriel PC\\Documents\\FocoTotalTCC\\backend\\src\\controllers\\VendasController.ts","statementMap":{"0":{"start":{"line":2,"column":0},"end":{"line":2,"column":29}},"1":{"start":{"line":3,"column":0},"end":{"line":3,"column":41}},"2":{"start":{"line":8,"column":4},"end":{"line":22,"column":5}},"3":{"start":{"line":9,"column":21},"end":{"line":17,"column":8}},"4":{"start":{"line":18,"column":6},"end":{"line":18,"column":21}},"5":{"start":{"line":20,"column":6},"end":{"line":20,"column":48}},"6":{"start":{"line":21,"column":6},"end":{"line":21,"column":62}},"7":{"start":{"line":26,"column":4},"end":{"line":50,"column":5}},"8":{"start":{"line":27,"column":23},"end":{"line":33,"column":null}},"9":{"start":{"line":35,"column":20},"end":{"line":35,"column":35}},"10":{"start":{"line":36,"column":6},"end":{"line":39,"column":7}},"11":{"start":{"line":37,"column":8},"end":{"line":37,"column":63}},"12":{"start":{"line":38,"column":8},"end":{"line":38,"column":15}},"13":{"start":{"line":40,"column":22},"end":{"line":45,"column":null}},"14":{"start":{"line":47,"column":6},"end":{"line":47,"column":39}},"15":{"start":{"line":49,"column":6},"end":{"line":49,"column":61}},"16":{"start":{"line":54,"column":17},"end":{"line":54,"column":41}},"17":{"start":{"line":55,"column":4},"end":{"line":118,"column":5}},"18":{"start":{"line":56,"column":6},"end":{"line":56,"column":36}},"19":{"start":{"line":57,"column":59},"end":{"line":57,"column":67}},"20":{"start":{"line":59,"column":6},"end":{"line":64,"column":7}},"21":{"start":{"line":60,"column":8},"end":{"line":60,"column":76}},"22":{"start":{"line":61,"column":8},"end":{"line":61,"column":30}},"23":{"start":{"line":62,"column":8},"end":{"line":62,"column":23}},"24":{"start":{"line":63,"column":8},"end":{"line":63,"column":15}},"25":{"start":{"line":66,"column":24},"end":{"line":66,"column":25}},"26":{"start":{"line":67,"column":6},"end":{"line":80,"column":7}},"27":{"start":{"line":68,"column":24},"end":{"line":70,"column":null}},"28":{"start":{"line":72,"column":25},"end":{"line":72,"column":43}},"29":{"start":{"line":73,"column":8},"end":{"line":73,"column":83}},"30":{"start":{"line":73,"column":22},"end":{"line":73,"column":83}},"31":{"start":{"line":74,"column":8},"end":{"line":76,"column":9}},"32":{"start":{"line":75,"column":10},"end":{"line":75,"column":87}},"33":{"start":{"line":77,"column":8},"end":{"line":77,"column":50}},"34":{"start":{"line":78,"column":8},"end":{"line":78,"column":62}},"35":{"start":{"line":79,"column":8},"end":{"line":79,"column":37}},"36":{"start":{"line":82,"column":19},"end":{"line":82,"column":40}},"37":{"start":{"line":83,"column":26},"end":{"line":83,"column":44}},"38":{"start":{"line":84,"column":24},"end":{"line":84,"column":39}},"39":{"start":{"line":86,"column":28},"end":{"line":89,"column":null}},"40":{"start":{"line":91,"column":23},"end":{"line":91,"column":51}},"41":{"start":{"line":93,"column":6},"end":{"line":107,"column":7}},"42":{"start":{"line":94,"column":8},"end":{"line":97,"column":10}},"43":{"start":{"line":98,"column":8},"end":{"line":101,"column":10}},"44":{"start":{"line":102,"column":8},"end":{"line":106,"column":10}},"45":{"start":{"line":109,"column":6},"end":{"line":109,"column":26}},"46":{"start":{"line":110,"column":6},"end":{"line":110,"column":81}},"47":{"start":{"line":111,"column":6},"end":{"line":111,"column":82}},"48":{"start":{"line":113,"column":6},"end":{"line":113,"column":28}},"49":{"start":{"line":114,"column":6},"end":{"line":114,"column":55}},"50":{"start":{"line":115,"column":6},"end":{"line":115,"column":76}},"51":{"start":{"line":117,"column":6},"end":{"line":117,"column":21}},"52":{"start":{"line":122,"column":17},"end":{"line":122,"column":41}},"53":{"start":{"line":123,"column":4},"end":{"line":164,"column":5}},"54":{"start":{"line":124,"column":6},"end":{"line":124,"column":36}},"55":{"start":{"line":125,"column":23},"end":{"line":127,"column":null}},"56":{"start":{"line":129,"column":21},"end":{"line":129,"column":40}},"57":{"start":{"line":130,"column":6},"end":{"line":135,"column":7}},"58":{"start":{"line":131,"column":8},"end":{"line":131,"column":79}},"59":{"start":{"line":132,"column":8},"end":{"line":132,"column":30}},"60":{"start":{"line":133,"column":8},"end":{"line":133,"column":23}},"61":{"start":{"line":134,"column":8},"end":{"line":134,"column":15}},"62":{"start":{"line":137,"column":22},"end":{"line":139,"column":null}},"63":{"start":{"line":141,"column":6},"end":{"line":151,"column":7}},"64":{"start":{"line":142,"column":8},"end":{"line":145,"column":10}},"65":{"start":{"line":146,"column":8},"end":{"line":150,"column":10}},"66":{"start":{"line":152,"column":6},"end":{"line":155,"column":8}},"67":{"start":{"line":156,"column":6},"end":{"line":156,"column":26}},"68":{"start":{"line":157,"column":6},"end":{"line":157,"column":65}},"69":{"start":{"line":158,"column":6},"end":{"line":158,"column":60}},"70":{"start":{"line":160,"column":6},"end":{"line":160,"column":28}},"71":{"start":{"line":161,"column":6},"end":{"line":161,"column":63}},"72":{"start":{"line":163,"column":6},"end":{"line":163,"column":21}},"73":{"start":{"line":6,"column":0},"end":{"line":6,"column":13}}},"fnMap":{"0":{"name":"(anonymous_1)","decl":{"start":{"line":7,"column":2},"end":{"line":7,"column":8}},"loc":{"start":{"line":7,"column":49},"end":{"line":23,"column":3}}},"1":{"name":"(anonymous_2)","decl":{"start":{"line":25,"column":2},"end":{"line":25,"column":8}},"loc":{"start":{"line":25,"column":54},"end":{"line":51,"column":3}}},"2":{"name":"(anonymous_3)","decl":{"start":{"line":53,"column":2},"end":{"line":53,"column":8}},"loc":{"start":{"line":53,"column":52},"end":{"line":119,"column":3}}},"3":{"name":"(anonymous_4)","decl":{"start":{"line":121,"column":2},"end":{"line":121,"column":8}},"loc":{"start":{"line":121,"column":55},"end":{"line":165,"column":3}}}},"branchMap":{"0":{"loc":{"start":{"line":36,"column":6},"end":{"line":39,"column":7}},"type":"if","locations":[{"start":{"line":36,"column":6},"end":{"line":39,"column":7}}]},"1":{"loc":{"start":{"line":59,"column":6},"end":{"line":64,"column":7}},"type":"if","locations":[{"start":{"line":59,"column":6},"end":{"line":64,"column":7}}]},"2":{"loc":{"start":{"line":59,"column":10},"end":{"line":59,"column":38}},"type":"binary-expr","locations":[{"start":{"line":59,"column":10},"end":{"line":59,"column":16}},{"start":{"line":59,"column":20},"end":{"line":59,"column":38}}]},"3":{"loc":{"start":{"line":73,"column":8},"end":{"line":73,"column":83}},"type":"if","locations":[{"start":{"line":73,"column":8},"end":{"line":73,"column":83}}]},"4":{"loc":{"start":{"line":74,"column":8},"end":{"line":76,"column":9}},"type":"if","locations":[{"start":{"line":74,"column":8},"end":{"line":76,"column":9}}]},"5":{"loc":{"start":{"line":82,"column":19},"end":{"line":82,"column":40}},"type":"binary-expr","locations":[{"start":{"line":82,"column":19},"end":{"line":82,"column":35}},{"start":{"line":82,"column":39},"end":{"line":82,"column":40}}]},"6":{"loc":{"start":{"line":89,"column":9},"end":{"line":89,"column":27}},"type":"binary-expr","locations":[{"start":{"line":89,"column":9},"end":{"line":89,"column":19}},{"start":{"line":89,"column":23},"end":{"line":89,"column":27}}]},"7":{"loc":{"start":{"line":89,"column":72},"end":{"line":89,"column":91}},"type":"binary-expr","locations":[{"start":{"line":89,"column":72},"end":{"line":89,"column":83}},{"start":{"line":89,"column":87},"end":{"line":89,"column":91}}]},"8":{"loc":{"start":{"line":115,"column":35},"end":{"line":115,"column":72}},"type":"binary-expr","locations":[{"start":{"line":115,"column":35},"end":{"line":115,"column":47}},{"start":{"line":115,"column":51},"end":{"line":115,"column":72}}]},"9":{"loc":{"start":{"line":130,"column":6},"end":{"line":135,"column":7}},"type":"if","locations":[{"start":{"line":130,"column":6},"end":{"line":135,"column":7}}]}},"s":{"0":1,"1":1,"2":0,"3":0,"4":0,"5":0,"6":0,"7":0,"8":0,"9":0,"10":0,"11":0,"12":0,"13":0,"14":0,"15":0,"16":0,"17":0,"18":0,"19":0,"20":0,"21":0,"22":0,"23":0,"24":0,"25":0,"26":0,"27":0,"28":0,"29":0,"30":0,"31":0,"32":0,"33":0,"34":0,"35":0,"36":0,"37":0,"38":0,"39":0,"40":0,"41":0,"42":0,"43":0,"44":0,"45":0,"46":0,"47":0,"48":0,"49":0,"50":0,"51":0,"52":0,"53":0,"54":0,"55":0,"56":0,"57":0,"58":0,"59":0,"60":0,"61":0,"62":0,"63":0,"64":0,"65":0,"66":0,"67":0,"68":0,"69":0,"70":0,"71":0,"72":0,"73":1},"f":{"0":0,"1":0,"2":0,"3":0},"b":{"0":[0],"1":[0],"2":[0,0],"3":[0],"4":[0],"5":[0,0],"6":[0,0],"7":[0,0],"8":[0,0],"9":[0]}}
,"C:\\Users\\Gabriel PC\\Documents\\FocoTotalTCC\\backend\\src\\middlewares\\auth.ts": {"path":"C:\\Users\\Gabriel PC\\Documents\\FocoTotalTCC\\backend\\src\\middlewares\\auth.ts","statementMap":{"0":{"start":{"line":2,"column":0},"end":{"line":2,"column":31}},"1":{"start":{"line":9,"column":26},"end":{"line":26,"column":1}},"2":{"start":{"line":10,"column":17},"end":{"line":10,"column":42}},"3":{"start":{"line":11,"column":2},"end":{"line":14,"column":3}},"4":{"start":{"line":12,"column":4},"end":{"line":12,"column":58}},"5":{"start":{"line":13,"column":4},"end":{"line":13,"column":11}},"6":{"start":{"line":15,"column":16},"end":{"line":15,"column":36}},"7":{"start":{"line":16,"column":2},"end":{"line":25,"column":3}},"8":{"start":{"line":17,"column":20},"end":{"line":19,"column":null}},"9":{"start":{"line":21,"column":4},"end":{"line":21,"column":26}},"10":{"start":{"line":22,"column":4},"end":{"line":22,"column":11}},"11":{"start":{"line":24,"column":4},"end":{"line":24,"column":65}},"12":{"start":{"line":9,"column":13},"end":{"line":9,"column":26}},"13":{"start":{"line":28,"column":27},"end":{"line":36,"column":1}},"14":{"start":{"line":29,"column":2},"end":{"line":35,"column":4}},"15":{"start":{"line":30,"column":4},"end":{"line":33,"column":5}},"16":{"start":{"line":31,"column":6},"end":{"line":31,"column":70}},"17":{"start":{"line":32,"column":6},"end":{"line":32,"column":13}},"18":{"start":{"line":34,"column":4},"end":{"line":34,"column":11}},"19":{"start":{"line":28,"column":13},"end":{"line":28,"column":27}}},"fnMap":{"0":{"name":"(anonymous_1)","decl":{"start":{"line":9,"column":26},"end":{"line":9,"column":27}},"loc":{"start":{"line":9,"column":88},"end":{"line":26,"column":1}}},"1":{"name":"(anonymous_2)","decl":{"start":{"line":28,"column":27},"end":{"line":28,"column":28}},"loc":{"start":{"line":28,"column":51},"end":{"line":36,"column":1}}},"2":{"name":"(anonymous_3)","decl":{"start":{"line":29,"column":9},"end":{"line":29,"column":10}},"loc":{"start":{"line":29,"column":71},"end":{"line":35,"column":3}}}},"branchMap":{"0":{"loc":{"start":{"line":11,"column":2},"end":{"line":14,"column":3}},"type":"if","locations":[{"start":{"line":11,"column":2},"end":{"line":14,"column":3}}]},"1":{"loc":{"start":{"line":11,"column":6},"end":{"line":11,"column":46}},"type":"binary-expr","locations":[{"start":{"line":11,"column":6},"end":{"line":11,"column":13}},{"start":{"line":11,"column":17},"end":{"line":11,"column":46}}]},"2":{"loc":{"start":{"line":19,"column":6},"end":{"line":19,"column":50}},"type":"binary-expr","locations":[{"start":{"line":19,"column":6},"end":{"line":19,"column":28}},{"start":{"line":19,"column":32},"end":{"line":19,"column":50}}]},"3":{"loc":{"start":{"line":30,"column":4},"end":{"line":33,"column":5}},"type":"if","locations":[{"start":{"line":30,"column":4},"end":{"line":33,"column":5}}]},"4":{"loc":{"start":{"line":30,"column":8},"end":{"line":30,"column":59}},"type":"binary-expr","locations":[{"start":{"line":30,"column":8},"end":{"line":30,"column":20}},{"start":{"line":30,"column":24},"end":{"line":30,"column":59}}]}},"s":{"0":1,"1":1,"2":11,"3":11,"4":1,"5":1,"6":10,"7":10,"8":10,"9":0,"10":0,"11":10,"12":1,"13":1,"14":3,"15":0,"16":0,"17":0,"18":0,"19":1},"f":{"0":11,"1":3,"2":0},"b":{"0":[1],"1":[11,10],"2":[10,0],"3":[0],"4":[0,0]}}
,"C:\\Users\\Gabriel PC\\Documents\\FocoTotalTCC\\backend\\src\\middlewares\\errorHandler.ts": {"path":"C:\\Users\\Gabriel PC\\Documents\\FocoTotalTCC\\backend\\src\\middlewares\\errorHandler.ts","statementMap":{"0":{"start":{"line":2,"column":0},"end":{"line":2,"column":41}},"1":{"start":{"line":4,"column":28},"end":{"line":12,"column":1}},"2":{"start":{"line":10,"column":2},"end":{"line":10,"column":69}},"3":{"start":{"line":11,"column":2},"end":{"line":11,"column":83}},"4":{"start":{"line":4,"column":13},"end":{"line":4,"column":28}}},"fnMap":{"0":{"name":"(anonymous_0)","decl":{"start":{"line":4,"column":28},"end":{"line":4,"column":null}},"loc":{"start":{"line":9,"column":10},"end":{"line":12,"column":1}}}},"branchMap":{},"s":{"0":1,"1":1,"2":0,"3":0,"4":1},"f":{"0":0},"b":{}}
,"C:\\Users\\Gabriel PC\\Documents\\FocoTotalTCC\\backend\\src\\routes\\auth.routes.ts": {"path":"C:\\Users\\Gabriel PC\\Documents\\FocoTotalTCC\\backend\\src\\routes\\auth.routes.ts","statementMap":{"0":{"start":{"line":1,"column":0},"end":{"line":1,"column":33}},"1":{"start":{"line":2,"column":0},"end":{"line":2,"column":63}},"2":{"start":{"line":4,"column":15},"end":{"line":4,"column":23}},"3":{"start":{"line":5,"column":0},"end":{"line":5,"column":44}},"4":{"start":{"line":6,"column":0},"end":{"line":6,"column":22}}},"fnMap":{},"branchMap":{},"s":{"0":1,"1":1,"2":1,"3":1,"4":1},"f":{},"b":{}}
,"C:\\Users\\Gabriel PC\\Documents\\FocoTotalTCC\\backend\\src\\routes\\clientes.routes.ts": {"path":"C:\\Users\\Gabriel PC\\Documents\\FocoTotalTCC\\backend\\src\\routes\\clientes.routes.ts","statementMap":{"0":{"start":{"line":1,"column":0},"end":{"line":1,"column":33}},"1":{"start":{"line":2,"column":0},"end":{"line":2,"column":71}},"2":{"start":{"line":3,"column":0},"end":{"line":3,"column":49}},"3":{"start":{"line":5,"column":15},"end":{"line":5,"column":23}},"4":{"start":{"line":6,"column":0},"end":{"line":6,"column":23}},"5":{"start":{"line":7,"column":0},"end":{"line":7,"column":43}},"6":{"start":{"line":8,"column":0},"end":{"line":8,"column":51}},"7":{"start":{"line":9,"column":0},"end":{"line":9,"column":43}},"8":{"start":{"line":10,"column":0},"end":{"line":10,"column":49}},"9":{"start":{"line":11,"column":0},"end":{"line":11,"column":50}},"10":{"start":{"line":12,"column":0},"end":{"line":12,"column":22}}},"fnMap":{},"branchMap":{},"s":{"0":1,"1":1,"2":1,"3":1,"4":1,"5":1,"6":1,"7":1,"8":1,"9":1,"10":1},"f":{},"b":{}}
,"C:\\Users\\Gabriel PC\\Documents\\FocoTotalTCC\\backend\\src\\routes\\estoque.routes.ts": {"path":"C:\\Users\\Gabriel PC\\Documents\\FocoTotalTCC\\backend\\src\\routes\\estoque.routes.ts","statementMap":{"0":{"start":{"line":1,"column":0},"end":{"line":1,"column":33}},"1":{"start":{"line":2,"column":0},"end":{"line":2,"column":69}},"2":{"start":{"line":3,"column":0},"end":{"line":3,"column":49}},"3":{"start":{"line":5,"column":15},"end":{"line":5,"column":23}},"4":{"start":{"line":6,"column":0},"end":{"line":6,"column":23}},"5":{"start":{"line":7,"column":0},"end":{"line":7,"column":55}},"6":{"start":{"line":8,"column":0},"end":{"line":8,"column":58}},"7":{"start":{"line":9,"column":0},"end":{"line":9,"column":22}}},"fnMap":{},"branchMap":{},"s":{"0":1,"1":1,"2":1,"3":1,"4":1,"5":1,"6":1,"7":1},"f":{},"b":{}}
,"C:\\Users\\Gabriel PC\\Documents\\FocoTotalTCC\\backend\\src\\routes\\index.ts": {"path":"C:\\Users\\Gabriel PC\\Documents\\FocoTotalTCC\\backend\\src\\routes\\index.ts","statementMap":{"0":{"start":{"line":1,"column":0},"end":{"line":1,"column":33}},"1":{"start":{"line":2,"column":0},"end":{"line":2,"column":39}},"2":{"start":{"line":3,"column":0},"end":{"line":3,"column":47}},"3":{"start":{"line":4,"column":0},"end":{"line":4,"column":47}},"4":{"start":{"line":5,"column":0},"end":{"line":5,"column":43}},"5":{"start":{"line":6,"column":0},"end":{"line":6,"column":45}},"6":{"start":{"line":7,"column":0},"end":{"line":7,"column":51}},"7":{"start":{"line":8,"column":0},"end":{"line":8,"column":47}},"8":{"start":{"line":10,"column":15},"end":{"line":10,"column":23}},"9":{"start":{"line":11,"column":0},"end":{"line":11,"column":32}},"10":{"start":{"line":12,"column":0},"end":{"line":12,"column":40}},"11":{"start":{"line":13,"column":0},"end":{"line":13,"column":40}},"12":{"start":{"line":14,"column":0},"end":{"line":14,"column":36}},"13":{"start":{"line":15,"column":0},"end":{"line":15,"column":38}},"14":{"start":{"line":16,"column":0},"end":{"line":16,"column":44}},"15":{"start":{"line":17,"column":0},"end":{"line":17,"column":40}},"16":{"start":{"line":18,"column":0},"end":{"line":18,"column":22}}},"fnMap":{},"branchMap":{},"s":{"0":1,"1":1,"2":1,"3":1,"4":1,"5":1,"6":1,"7":1,"8":1,"9":1,"10":1,"11":1,"12":1,"13":1,"14":1,"15":1,"16":1},"f":{},"b":{}}
,"C:\\Users\\Gabriel PC\\Documents\\FocoTotalTCC\\backend\\src\\routes\\produtos.routes.ts": {"path":"C:\\Users\\Gabriel PC\\Documents\\FocoTotalTCC\\backend\\src\\routes\\produtos.routes.ts","statementMap":{"0":{"start":{"line":1,"column":0},"end":{"line":1,"column":33}},"1":{"start":{"line":2,"column":0},"end":{"line":2,"column":71}},"2":{"start":{"line":3,"column":0},"end":{"line":3,"column":49}},"3":{"start":{"line":5,"column":15},"end":{"line":5,"column":23}},"4":{"start":{"line":6,"column":0},"end":{"line":6,"column":23}},"5":{"start":{"line":7,"column":0},"end":{"line":7,"column":58}},"6":{"start":{"line":8,"column":0},"end":{"line":8,"column":43}},"7":{"start":{"line":9,"column":0},"end":{"line":9,"column":51}},"8":{"start":{"line":10,"column":0},"end":{"line":10,"column":43}},"9":{"start":{"line":11,"column":0},"end":{"line":11,"column":49}},"10":{"start":{"line":12,"column":0},"end":{"line":12,"column":50}},"11":{"start":{"line":13,"column":0},"end":{"line":13,"column":22}}},"fnMap":{},"branchMap":{},"s":{"0":1,"1":1,"2":1,"3":1,"4":1,"5":1,"6":1,"7":1,"8":1,"9":1,"10":1,"11":1},"f":{},"b":{}}
,"C:\\Users\\Gabriel PC\\Documents\\FocoTotalTCC\\backend\\src\\routes\\relatorios.routes.ts": {"path":"C:\\Users\\Gabriel PC\\Documents\\FocoTotalTCC\\backend\\src\\routes\\relatorios.routes.ts","statementMap":{"0":{"start":{"line":1,"column":0},"end":{"line":1,"column":33}},"1":{"start":{"line":2,"column":0},"end":{"line":2,"column":75}},"2":{"start":{"line":3,"column":0},"end":{"line":3,"column":49}},"3":{"start":{"line":5,"column":15},"end":{"line":5,"column":23}},"4":{"start":{"line":6,"column":0},"end":{"line":6,"column":23}},"5":{"start":{"line":7,"column":0},"end":{"line":7,"column":63}},"6":{"start":{"line":8,"column":0},"end":{"line":8,"column":72}},"7":{"start":{"line":9,"column":0},"end":{"line":9,"column":72}},"8":{"start":{"line":10,"column":0},"end":{"line":10,"column":62}},"9":{"start":{"line":11,"column":0},"end":{"line":11,"column":22}}},"fnMap":{},"branchMap":{},"s":{"0":1,"1":1,"2":1,"3":1,"4":1,"5":1,"6":1,"7":1,"8":1,"9":1},"f":{},"b":{}}
,"C:\\Users\\Gabriel PC\\Documents\\FocoTotalTCC\\backend\\src\\routes\\usuarios.routes.ts": {"path":"C:\\Users\\Gabriel PC\\Documents\\FocoTotalTCC\\backend\\src\\routes\\usuarios.routes.ts","statementMap":{"0":{"start":{"line":1,"column":0},"end":{"line":1,"column":33}},"1":{"start":{"line":2,"column":0},"end":{"line":2,"column":71}},"2":{"start":{"line":3,"column":0},"end":{"line":3,"column":62}},"3":{"start":{"line":5,"column":15},"end":{"line":5,"column":23}},"4":{"start":{"line":6,"column":0},"end":{"line":6,"column":23}},"5":{"start":{"line":7,"column":0},"end":{"line":7,"column":65}},"6":{"start":{"line":8,"column":0},"end":{"line":8,"column":65}},"7":{"start":{"line":9,"column":0},"end":{"line":9,"column":71}},"8":{"start":{"line":10,"column":0},"end":{"line":10,"column":60}},"9":{"start":{"line":11,"column":0},"end":{"line":11,"column":22}}},"fnMap":{},"branchMap":{},"s":{"0":1,"1":1,"2":1,"3":1,"4":1,"5":1,"6":1,"7":1,"8":1,"9":1},"f":{},"b":{}}
,"C:\\Users\\Gabriel PC\\Documents\\FocoTotalTCC\\backend\\src\\routes\\vendas.routes.ts": {"path":"C:\\Users\\Gabriel PC\\Documents\\FocoTotalTCC\\backend\\src\\routes\\vendas.routes.ts","statementMap":{"0":{"start":{"line":1,"column":0},"end":{"line":1,"column":33}},"1":{"start":{"line":2,"column":0},"end":{"line":2,"column":67}},"2":{"start":{"line":3,"column":0},"end":{"line":3,"column":49}},"3":{"start":{"line":5,"column":15},"end":{"line":5,"column":23}},"4":{"start":{"line":6,"column":0},"end":{"line":6,"column":23}},"5":{"start":{"line":7,"column":0},"end":{"line":7,"column":41}},"6":{"start":{"line":8,"column":0},"end":{"line":8,"column":49}},"7":{"start":{"line":9,"column":0},"end":{"line":9,"column":41}},"8":{"start":{"line":10,"column":0},"end":{"line":10,"column":57}},"9":{"start":{"line":11,"column":0},"end":{"line":11,"column":22}}},"fnMap":{},"branchMap":{},"s":{"0":1,"1":1,"2":1,"3":1,"4":1,"5":1,"6":1,"7":1,"8":1,"9":1},"f":{},"b":{}}
,"C:\\Users\\Gabriel PC\\Documents\\FocoTotalTCC\\backend\\src\\utils\\validators.ts": {"path":"C:\\Users\\Gabriel PC\\Documents\\FocoTotalTCC\\backend\\src\\utils\\validators.ts","statementMap":{"0":{"start":{"line":8,"column":14},"end":{"line":8,"column":36}},"1":{"start":{"line":9,"column":4},"end":{"line":9,"column":64}},"2":{"start":{"line":9,"column":51},"end":{"line":9,"column":64}},"3":{"start":{"line":11,"column":15},"end":{"line":11,"column":16}},"4":{"start":{"line":12,"column":4},"end":{"line":12,"column":66}},"5":{"start":{"line":12,"column":17},"end":{"line":12,"column":18}},"6":{"start":{"line":12,"column":32},"end":{"line":12,"column":66}},"7":{"start":{"line":13,"column":16},"end":{"line":13,"column":32}},"8":{"start":{"line":14,"column":4},"end":{"line":14,"column":48}},"9":{"start":{"line":14,"column":38},"end":{"line":14,"column":48}},"10":{"start":{"line":15,"column":4},"end":{"line":15,"column":47}},"11":{"start":{"line":15,"column":34},"end":{"line":15,"column":47}},"12":{"start":{"line":17,"column":4},"end":{"line":17,"column":13}},"13":{"start":{"line":18,"column":4},"end":{"line":18,"column":67}},"14":{"start":{"line":18,"column":17},"end":{"line":18,"column":18}},"15":{"start":{"line":18,"column":33},"end":{"line":18,"column":67}},"16":{"start":{"line":19,"column":4},"end":{"line":19,"column":29}},"17":{"start":{"line":20,"column":4},"end":{"line":20,"column":48}},"18":{"start":{"line":20,"column":38},"end":{"line":20,"column":48}},"19":{"start":{"line":21,"column":4},"end":{"line":21,"column":37}},"20":{"start":{"line":25,"column":14},"end":{"line":25,"column":37}},"21":{"start":{"line":26,"column":4},"end":{"line":26,"column":64}},"22":{"start":{"line":26,"column":51},"end":{"line":26,"column":64}},"23":{"start":{"line":28,"column":17},"end":{"line":33,"column":5}},"24":{"start":{"line":29,"column":17},"end":{"line":29,"column":18}},"25":{"start":{"line":30,"column":6},"end":{"line":30,"column":82}},"26":{"start":{"line":30,"column":19},"end":{"line":30,"column":20}},"27":{"start":{"line":30,"column":45},"end":{"line":30,"column":82}},"28":{"start":{"line":31,"column":16},"end":{"line":31,"column":25}},"29":{"start":{"line":32,"column":6},"end":{"line":32,"column":32}},"30":{"start":{"line":35,"column":15},"end":{"line":35,"column":51}},"31":{"start":{"line":36,"column":15},"end":{"line":36,"column":54}},"32":{"start":{"line":37,"column":4},"end":{"line":37,"column":54}},"33":{"start":{"line":37,"column":41},"end":{"line":37,"column":54}},"34":{"start":{"line":38,"column":4},"end":{"line":38,"column":54}},"35":{"start":{"line":38,"column":41},"end":{"line":38,"column":54}},"36":{"start":{"line":39,"column":4},"end":{"line":39,"column":16}},"37":{"start":{"line":43,"column":4},"end":{"line":43,"column":52}},"38":{"start":{"line":47,"column":4},"end":{"line":47,"column":60}},"39":{"start":{"line":47,"column":47},"end":{"line":47,"column":60}},"40":{"start":{"line":48,"column":4},"end":{"line":48,"column":66}},"41":{"start":{"line":48,"column":35},"end":{"line":48,"column":66}},"42":{"start":{"line":49,"column":4},"end":{"line":49,"column":16}},"43":{"start":{"line":6,"column":0},"end":{"line":6,"column":13}}},"fnMap":{"0":{"name":"(anonymous_0)","decl":{"start":{"line":7,"column":2},"end":{"line":7,"column":8}},"loc":{"start":{"line":7,"column":31},"end":{"line":22,"column":3}}},"1":{"name":"(anonymous_1)","decl":{"start":{"line":24,"column":2},"end":{"line":24,"column":8}},"loc":{"start":{"line":24,"column":33},"end":{"line":40,"column":3}}},"2":{"name":"(anonymous_2)","decl":{"start":{"line":28,"column":17},"end":{"line":28,"column":18}},"loc":{"start":{"line":28,"column":59},"end":{"line":33,"column":5}}},"3":{"name":"(anonymous_3)","decl":{"start":{"line":42,"column":2},"end":{"line":42,"column":8}},"loc":{"start":{"line":42,"column":35},"end":{"line":44,"column":3}}},"4":{"name":"(anonymous_4)","decl":{"start":{"line":46,"column":2},"end":{"line":46,"column":8}},"loc":{"start":{"line":46,"column":40},"end":{"line":50,"column":3}}}},"branchMap":{"0":{"loc":{"start":{"line":9,"column":4},"end":{"line":9,"column":64}},"type":"if","locations":[{"start":{"line":9,"column":4},"end":{"line":9,"column":64}}]},"1":{"loc":{"start":{"line":9,"column":8},"end":{"line":9,"column":49}},"type":"binary-expr","locations":[{"start":{"line":9,"column":8},"end":{"line":9,"column":23}},{"start":{"line":9,"column":27},"end":{"line":9,"column":49}}]},"2":{"loc":{"start":{"line":14,"column":4},"end":{"line":14,"column":48}},"type":"if","locations":[{"start":{"line":14,"column":4},"end":{"line":14,"column":48}}]},"3":{"loc":{"start":{"line":14,"column":8},"end":{"line":14,"column":36}},"type":"binary-expr","locations":[{"start":{"line":14,"column":8},"end":{"line":14,"column":20}},{"start":{"line":14,"column":24},"end":{"line":14,"column":36}}]},"4":{"loc":{"start":{"line":15,"column":4},"end":{"line":15,"column":47}},"type":"if","locations":[{"start":{"line":15,"column":4},"end":{"line":15,"column":47}}]},"5":{"loc":{"start":{"line":20,"column":4},"end":{"line":20,"column":48}},"type":"if","locations":[{"start":{"line":20,"column":4},"end":{"line":20,"column":48}}]},"6":{"loc":{"start":{"line":20,"column":8},"end":{"line":20,"column":36}},"type":"binary-expr","locations":[{"start":{"line":20,"column":8},"end":{"line":20,"column":20}},{"start":{"line":20,"column":24},"end":{"line":20,"column":36}}]},"7":{"loc":{"start":{"line":26,"column":4},"end":{"line":26,"column":64}},"type":"if","locations":[{"start":{"line":26,"column":4},"end":{"line":26,"column":64}}]},"8":{"loc":{"start":{"line":26,"column":8},"end":{"line":26,"column":49}},"type":"binary-expr","locations":[{"start":{"line":26,"column":8},"end":{"line":26,"column":23}},{"start":{"line":26,"column":27},"end":{"line":26,"column":49}}]},"9":{"loc":{"start":{"line":32,"column":13},"end":{"line":32,"column":31}},"type":"cond-expr","locations":[{"start":{"line":32,"column":21},"end":{"line":32,"column":22}},{"start":{"line":32,"column":25},"end":{"line":32,"column":31}}]},"10":{"loc":{"start":{"line":37,"column":4},"end":{"line":37,"column":54}},"type":"if","locations":[{"start":{"line":37,"column":4},"end":{"line":37,"column":54}}]},"11":{"loc":{"start":{"line":38,"column":4},"end":{"line":38,"column":54}},"type":"if","locations":[{"start":{"line":38,"column":4},"end":{"line":38,"column":54}}]},"12":{"loc":{"start":{"line":47,"column":4},"end":{"line":47,"column":60}},"type":"if","locations":[{"start":{"line":47,"column":4},"end":{"line":47,"column":60}}]},"13":{"loc":{"start":{"line":47,"column":8},"end":{"line":47,"column":45}},"type":"binary-expr","locations":[{"start":{"line":47,"column":8},"end":{"line":47,"column":22}},{"start":{"line":47,"column":26},"end":{"line":47,"column":45}}]},"14":{"loc":{"start":{"line":48,"column":4},"end":{"line":48,"column":66}},"type":"if","locations":[{"start":{"line":48,"column":4},"end":{"line":48,"column":66}}]}},"s":{"0":5,"1":5,"2":2,"3":3,"4":3,"5":3,"6":27,"7":3,"8":3,"9":1,"10":3,"11":0,"12":3,"13":3,"14":3,"15":30,"16":3,"17":3,"18":0,"19":3,"20":4,"21":4,"22":2,"23":2,"24":3,"25":3,"26":3,"27":37,"28":3,"29":3,"30":2,"31":2,"32":2,"33":1,"34":1,"35":0,"36":1,"37":4,"38":7,"39":2,"40":5,"41":3,"42":2,"43":2},"f":{"0":5,"1":4,"2":3,"3":4,"4":7},"b":{"0":[2],"1":[5,4],"2":[1],"3":[3,2],"4":[0],"5":[0],"6":[3,3],"7":[2],"8":[4,3],"9":[0,3],"10":[1],"11":[0],"12":[2],"13":[7,6],"14":[3]}}
}
